2022-12-14 22:02:56,484 INFO  [Log] ** 
2022-12-14 22:02:56,484 INFO  [Log] ** 
2022-12-14 22:02:56,488 INFO  [Log] ############   My first test case is Login test ################ 
2022-12-14 22:02:56,488 INFO  [Log] ** 
2022-12-14 22:02:56,488 INFO  [Log] ** 
2022-12-14 22:02:56,488 INFO  [Log] My login test is going on 
2022-12-14 22:02:56,488 INFO  [Log] My test case might be failed 
2022-12-14 22:02:58,429 INFO  [Log] My test case is about to complete 
2022-12-14 22:02:58,429 INFO  [Log] ################################## 
2022-12-14 22:02:58,430 INFO  [Log] ########################################## 
2022-12-14 22:02:58,430 INFO  [Log] ############   This is my login test again ################ 
2022-12-14 22:02:58,430 INFO  [Log] ########################## 
2022-12-14 22:02:58,430 INFO  [Log] ########################################## 
2022-12-15 21:28:36,416 INFO  [Log] ** 
2022-12-15 21:28:36,416 INFO  [Log] ** 
2022-12-15 21:28:36,416 INFO  [Log] ############   My first test case is Login test ################ 
2022-12-15 21:28:36,416 INFO  [Log] ** 
2022-12-15 21:28:36,416 INFO  [Log] ** 
2022-12-15 21:28:36,416 INFO  [Log] My login test is going on 
2022-12-15 21:28:36,416 INFO  [Log] My test case might be failed 
2022-12-15 21:28:38,359 INFO  [Log] My test case is about to complete 
2022-12-15 21:28:38,359 INFO  [Log] ################################## 
2022-12-15 21:28:38,359 INFO  [Log] ########################################## 
2022-12-15 21:28:38,359 INFO  [Log] ############   This is my login test again ################ 
2022-12-15 21:28:38,359 INFO  [Log] ########################## 
2022-12-15 21:28:38,359 INFO  [Log] ########################################## 
2022-12-15 21:29:40,943 INFO  [Log] ** 
2022-12-15 21:29:40,943 INFO  [Log] ** 
2022-12-15 21:29:40,943 INFO  [Log] ############   My first test case is Login test ################ 
2022-12-15 21:29:40,943 INFO  [Log] ** 
2022-12-15 21:29:40,943 INFO  [Log] ** 
2022-12-15 21:29:40,943 INFO  [Log] My login test is going on 
2022-12-15 21:29:40,943 INFO  [Log] My test case might be failed 
2022-12-15 21:29:42,892 INFO  [Log] My test case is about to complete 
2022-12-15 21:29:42,892 INFO  [Log] ################################## 
2022-12-15 21:29:42,892 INFO  [Log] ########################################## 
2022-12-15 21:29:42,892 INFO  [Log] ############   This is my login test again ################ 
2022-12-15 21:29:42,892 INFO  [Log] ########################## 
2022-12-15 21:29:42,892 INFO  [Log] ########################################## 
